160
2 16 432
2 22 425
2 25 372
2 26 341
2 27 332
2 29 365
2 32 359
2 36 304
2 40 307
2 44 269
2 45 280
2 50 226
2 56 267
2 59 254
2 66 233
2 70 200
2 76 198
2 78 195
2 80 174
2 81 152
2 92 151
2 95 153
2 100 148
2 101 144
2 106 132
2 107 119
2 109 114
2 124 138
2 128 129
2 2 103
2 4 102
2 9 96
2 30 94
2 37 84
2 42 83
2 43 77
2 51 75
2 53 68
2 58 67
2 62 63
3 484 0 122
3 38 324 87
3 48 486 98
3 111 175 49
3 113 5 88
3 155 166 118
3 210 439 82
3 221 298 85
3 234 264 74
3 261 445 39
3 310 412 247
3 350 360 57
3 376 452 110
3 434 263 136
3 448 218 172
3 475 437 116
3 15 499 395
3 19 474 336
3 20 473 363
3 34 433 115
3 61 459 217
3 181 367 79
3 187 447 282
3 199 277 41
3 208 236 186
3 249 444 69
3 258 396 177
3 271 405 104
3 273 438 6
3 288 385 54
3 292 403 164
3 320 467 46
3 356 427 401
3 419 498 123
3 430 397 494
3 3 449 364
3 8 394 13
3 10 431 453
3 18 348 235
3 23 442 284
3 24 422 117
3 31 392 294
3 55 391 159
3 65 424 446
3 71 497 461
3 90 384 139
3 91 399 274
3 99 351 251
3 105 328 361
3 121 400 460
3 149 345 268
3 162 490 339
3 163 302 450
3 180 278 373
3 188 283 325
3 192 276 377
3 201 230 204
3 203 379 237
3 214 245 244
3 242 285 207
4 28 496 493 491
4 35 489 488 487
4 93 485 483 481
4 97 480 479 478
4 190 477 476 471
4 196 470 469 466
4 197 465 464 458
4 252 457 456 440
4 286 436 435 428
4 333 426 418 417
4 369 416 415 413
4 420 408 406 404
4 423 402 398 393
4 441 389 386 383
4 12 355 382 381
4 33 366 380 374
4 47 340 370 368
4 165 248 357 354
4 300 327 349 346
4 326 308 344 343
4 482 338 342 335
4 1 112 331 323
4 14 390 321 318
4 21 160 317 316
4 256 185 314 313
4 279 411 312 309
4 299 289 305 303
4 306 259 297 296
4 315 378 293 291
4 322 407 290 287
4 330 295 281 275
4 421 347 272 270
4 454 468 265 262
4 7 455 260 257
4 17 225 255 253
4 86 353 250 246
4 154 409 243 241
4 189 371 239 238
4 212 463 232 229
4 334 193 228 227
4 352 387 224 223
4 358 311 222 220
4 414 60 216 215
4 492 375 211 209
4 11 141 206 205
4 64 89 184 202
4 72 362 169 194
4 73 388 183 191
4 120 219 179 178
4 156 231 176 173
4 158 495 171 168
4 170 429 143 167
4 182 147 161 157
4 213 410 150 146
4 266 108 145 142
4 301 472 137 140
4 319 329 135 134
4 337 451 133 131
4 443 240 130 127
4 462 52 126 125
