1628
2 958 7140
2 1131 6917
2 1196 6701
2 1235 7541
2 1494 6692
2 1788 7060
2 1909 5316
2 1949 5294
2 2012 5183
2 2451 4709
2 2470 5409
2 2586 9323
2 3213 8686
2 4211 9737
2 203 6279
2 291 8282
2 361 5379
2 703 6457
2 831 8960
2 863 5148
2 1119 8379
2 1180 8080
2 1188 5343
2 1230 6456
2 1284 3860
2 1679 3949
2 1799 4996
2 1868 3327
2 1993 2878
2 2356 3859
2 2382 3784
2 2550 9999
2 4 7807
2 280 9372
2 388 8875
2 405 5779
2 509 8726
2 693 8412
2 782 8406
2 935 7965
2 1105 5694
2 1323 7669
2 1335 3821
2 1611 7479
2 1732 7507
2 1818 6843
2 2035 5410
2 2384 4621
2 2483 9102
2 2498 9807
2 3247 9663
2 200 8970
2 227 8955
2 258 8410
2 268 8985
2 922 4675
2 1046 8784
2 1074 7251
2 1111 7753
2 1133 5833
2 1135 7307
2 2324 6407
2 2378 5051
2 2579 6233
2 2789 6085
2 3394 4950
2 3787 4734
2 4254 5699
2 4330 4633
2 4344 4632
2 4664 9742
2 318 8791
2 376 9636
2 662 9724
2 811 8523
2 983 9701
2 1029 9604
2 1553 7791
2 1987 7667
2 2086 8461
2 2311 6635
2 2373 6983
2 2386 4107
2 2405 5977
2 2541 5844
2 2942 5356
2 3292 4979
2 3386 6500
2 3389 3922
2 3639 4461
2 173 9717
2 342 9644
2 491 9632
2 741 8731
2 794 9557
2 2030 9186
2 2410 9533
2 2508 9162
2 2676 8602
2 2715 8374
2 3199 8491
2 3385 7399
2 3827 8164
2 4371 7322
2 4425 9148
2 5005 6371
2 5177 9773
2 5327 6158
2 6434 9342
2 7092 8872
2 409 8725
2 621 8136
2 872 7820
2 1534 7992
2 1918 6254
2 1992 7627
2 2825 7706
2 2883 6242
2 3008 6647
2 3756 7340
2 3819 6420
2 3866 5187
2 4220 5885
2 4273 5266
2 4369 5413
2 4810 9977
2 69 9609
2 148 9282
2 195 7832
2 821 8857
2 917 7069
2 984 6678
2 1045 7636
2 1063 7228
2 1206 5957
2 1329 7712
2 1415 5210
2 1439 5073
2 1554 5643
2 1705 5399
2 1897 4978
2 1969 4651
2 2747 3935
2 2934 4435
2 3225 3799
2 3267 9362
2 3794 4323
2 312 9159
2 435 9327
2 437 8613
2 483 8758
2 508 9963
2 605 8728
2 652 7408
2 901 8879
2 1610 7736
2 1731 7938
2 2166 7276
2 2172 7393
2 2427 7547
2 2503 7243
2 2803 7264
2 2873 7093
2 2884 6174
2 3058 6499
2 3144 5883
2 3227 6234
2 3466 7165
2 3474 6480
2 3620 5979
2 4032 7033
2 4103 5853
2 4214 5840
2 4237 5361
2 4260 5045
2 4356 5265
2 4535 5470
2 4807 5167
2 179 9822
2 194 9787
2 987 8780
2 1305 9070
2 1654 9775
2 2330 9011
2 2425 8570
2 2500 8778
2 2996 8507
2 3636 7915
2 4224 8395
2 4372 8770
2 4758 8535
2 4822 7097
2 4860 8142
2 5340 7793
2 5350 6675
2 5508 6901
2 5745 7588
2 6077 7172
2 6654 6841
2 7416 9749
2 111 9415
2 118 8877
2 184 8786
2 192 8311
2 209 9380
2 303 7427
2 596 8144
2 1142 8117
2 2170 7789
2 2206 7639
2 2556 4972
2 2769 6187
2 3082 7059
2 3476 6853
2 3530 3984
2 3879 4891
2 4577 9931
2 4732 4890
2 478 9571
2 482 9218
2 729 8361
2 1614 9421
2 1728 8975
2 1831 9264
2 2520 8961
2 3044 8417
2 3189 8405
2 3777 8114
2 4175 8224
2 4285 7883
2 4376 7578
2 5067 7561
2 5107 7856
2 5279 8038
2 5557 7942
2 6128 7086
2 6141 7098
2 121 9436
2 230 9556
2 274 8272
2 908 8244
2 1485 8135
2 1517 8061
2 1695 7590
2 1972 7741
2 2485 7075
2 2512 6902
2 2771 6614
2 2808 6411
2 2812 6308
2 2974 5906
2 3493 6156
2 3716 5993
2 3717 5983
2 3727 5747
2 4523 5696
2 4724 8530
2 4952 9793
2 156 9031
2 781 8462
2 1350 8075
2 1496 8009
2 1625 8002
2 2039 7847
2 2098 7077
2 3685 6833
2 4232 7483
2 4470 7606
2 4699 7187
2 4899 7045
2 5483 6720
2 5504 6937
2 6177 6559
2 6682 9736
2 61 8880
2 256 8797
2 311 9126
2 424 8500
2 507 8542
2 574 8220
2 833 8698
2 1177 8110
2 1226 8561
2 1283 7864
2 1749 8011
2 1937 7730
2 2110 8045
2 2271 6607
2 2272 7017
2 2532 6265
2 2602 6545
2 2827 6429
2 3635 6428
2 4063 5617
2 4098 5533
2 4333 5304
2 4845 5870
2 5213 9498
2 5727 9686
2 81 9457
2 428 9357
2 682 9301
2 795 8868
2 866 8494
2 1006 7404
2 1171 8635
2 1326 8556
2 1501 7550
2 1513 7533
2 1634 7248
2 1696 8159
2 1753 7337
2 1804 6971
2 1917 7068
2 1984 5783
2 2231 6026
2 2298 5938
2 2447 5382
2 2657 5377
2 3023 5023
2 3053 5260
2 3059 5158
2 3108 5262
2 3307 4980
2 3690 4966
2 4297 4913
2 4427 4876
2 4440 9932
2 4588 8473
2 406 9910
2 538 9521
2 803 9296
2 903 9007
2 959 8190
2 1166 8924
2 1622 8850
2 1703 7929
2 1789 7830
2 2252 7682
2 3268 7711
2 3469 8441
2 3993 7367
2 4262 7833
2 4305 7292
2 5008 7139
2 5480 7022
2 5754 7138
2 5907 7030
2 6075 6539
2 6293 6551
2 6998 8555
2 182 8968
2 1275 9823
2 1307 8592
2 1762 7584
2 1932 7453
2 2310 7067
2 2357 7514
2 2393 6412
2 2583 6257
2 2673 5910
2 2900 6617
2 3205 6237
2 3266 6098
2 3361 5585
2 3534 6021
2 3846 5632
2 4591 9577
2 4770 5472
2 603 9044
2 658 9548
2 668 7523
2 1149 9698
2 1191 7688
2 1824 7281
2 2138 9042
2 2645 7129
2 3154 6533
2 3286 7102
2 3416 6848
2 3705 6859
2 3854 6799
2 3963 5010
2 4019 6393
2 4048 6519
2 4060 5926
2 4283 5693
2 4453 5900
2 4793 4893
2 4830 4923
2 4843 9914
2 4851 5281
2 25 9411
2 224 9311
2 275 9861
2 341 8541
2 452 9297
2 698 9189
2 921 8085
2 1190 8001
2 1612 7985
2 1770 7574
2 1878 6961
2 2026 7658
2 2385 7071
2 2546 6454
2 2664 6643
2 2899 6222
2 2928 7000
2 2961 6040
2 3169 5640
2 3382 4571
2 3591 5430
2 3611 4911
2 3803 9554
2 3810 5100
2 3994 4236
2 27 9270
2 54 9972
2 238 9229
2 319 9101
2 468 9146
2 526 8554
2 582 9059
2 659 8334
2 746 8231
2 886 9204
2 972 8000
2 1302 7890
2 1775 7782
2 2153 7852
2 2280 6923
2 2656 6862
2 2662 6031
2 2709 6592
2 3454 6509
2 3523 6334
2 3619 6185
2 3696 5838
2 3719 6195
2 3990 6290
2 4009 5828
2 4691 6119
2 5538 9933
2 5809 9024
2 180 9825
2 412 9720
2 999 8118
2 1134 8109
2 1316 8034
2 1667 7261
2 1777 6772
2 1873 7488
2 2038 7504
2 2525 7011
2 2980 6850
2 3156 6516
2 3413 6491
2 3754 6199
2 4209 6283
2 4525 6391
2 4821 5635
2 5386 5549
2 379 9400
2 422 8757
2 573 9150
2 1087 9336
2 1237 8508
2 1308 8546
2 1725 8318
2 1880 8344
2 2010 8098
2 2154 7222
2 2758 6792
2 3383 5778
2 3645 5949
2 3843 5697
2 4034 6163
2 4132 5859
2 4174 5257
2 4252 4987
2 4520 5014
2 4556 4705
2 4581 5227
2 154 9929
2 360 9833
2 533 9638
2 583 9164
2 911 8511
2 986 9321
2 1290 7822
2 1374 7921
2 1401 7183
2 1664 7882
2 1915 7042
2 1964 7005
2 2431 6631
2 2706 5820
2 2733 5619
2 2858 5539
2 3201 5406
2 3340 5527
2 3546 5466
2 3628 5342
3 968 4359 2437
3 1751 6280 8139
3 1768 465 8089
3 70 5872 530
3 1012 2159 8919
3 1409 4801 9198
3 2329 8977 5198
3 3330 9935 240
3 3596 8876 4188
3 4092 4858 955
3 4742 919 4000
3 7751 6960 9600
3 234 9418 3311
3 1321 6263 1330
3 1843 7729 3657
3 2033 5751 9269
3 2578 4228 8137
3 3004 270 1980
3 3809 5368 5606
3 3972 8215 7614
3 430 6008 456
3 431 9768 9187
3 1062 2193 6761
3 1640 7397 3926
3 2746 9201 5208
3 5082 9519 3939
3 6576 7924 3212
3 8454 9716 1939
3 9028 9332 6698
3 97 9767 5986
3 372 2604 3590
3 500 6161 1744
3 620 9699 978
3 1750 7995 2786
3 2661 6097 6565
3 2762 9584 8447
3 2949 4534 7407
3 4046 6003 1036
3 6964 8822 439
3 9446 9538 9398
3 136 9944 9431
3 673 5191 6824
3 1259 9656 8180
3 2072 5245 8383
3 2632 6844 9086
3 2977 6835 2772
3 3956 2694 8401
3 4301 4798 4104
3 4796 7457 2074
3 6890 5482 1796
3 7170 2713 6137
3 7663 1961 4942
3 885 7991 4221
3 1475 9413 9083
3 1519 8326 5752
3 2102 1649 8859
3 2514 8568 24
3 183 9075 6450
3 956 3370 4502
3 1318 6352 7674
3 2399 2595 6809
3 3280 8252 6463
3 8435 7895 2953
3 37 3793 1546
3 86 9855 5994
3 1279 5732 4238
3 1694 7881 6959
3 2207 6302 4777
3 3060 7800 6197
3 3344 7554 8037
3 4387 5666 4635
3 6121 7586 6887
3 457 4839 8900
3 1983 7320 6972
3 2297 3822 7724
3 2881 4783 4595
3 2891 7362 1755
3 7461 8314 9036
3 7471 5168 8093
3 458 7410 8486
3 487 7812 3543
3 602 9009 1538
3 756 8815 6471
3 3364 6963 5024
3 4248 4358 1536
3 4400 2903 9838
3 5897 8353 3875
3 7357 9137 9047
3 335 4399 7206
3 2144 7387 3951
3 2149 9564 9035
3 2210 7094 9094
3 2596 3052 2608
3 3141 4434 4994
3 4116 8930 6915
3 4596 9578 4069
3 6311 9114 2785
3 8766 6506 2741
3 221 4504 3021
3 392 6353 3347
3 462 2956 5628
3 801 9215 8663
3 1371 6448 2469
3 2028 7850 9659
3 2610 6925 3651
3 4339 6127 6148
3 6332 2837 1778
3 40 2059 1453
3 1161 2859 6175
3 1678 5233 9993
3 1688 3789 7960
3 2892 7078 9709
3 5066 6818 2169
3 7602 802 842
3 7889 6232 840
3 31 7959 3887
3 168 9820 5106
3 725 4982 4877
3 2412 8543 7859
3 4736 8737 8028
3 5181 9394 6944
3 502 7632 3012
3 739 8576 343
3 1009 7557 2683
3 1426 9651 4291
3 2307 9540 5959
3 2685 3841 4689
3 4097 6328 4567
3 4688 5125 7742
3 6229 8438 7694
3 78 4549 8022
3 152 9223 3318
3 325 4488 5631
3 393 9678 1959
3 402 9595 6725
3 511 2101 1869
3 615 9015 8426
3 639 644 5558
3 1220 5817 9227
3 5128 7395 6699
3 229 6473 7423
3 613 7971 5422
3 1043 6034 2950
3 4787 9489 2472
3 5719 5882 6952
3 8804 1377 8256
3 34 68 4855
3 793 5676 8643
3 848 5190 8097
3 2388 4099 726
3 4031 9957 4826
3 7803 7631 8950
3 953 8903 1979
3 1080 5731 6225
3 1165 7314 305
3 1807 7994 7532
3 2242 1892 640
3 3123 4880 7581
3 3555 3903 5443
3 3679 6315 8571
3 3743 9892 20
3 6746 7430 467
3 7697 5881 8398
3 13 6452 6005
3 252 9475 6357
3 413 7132 1167
3 579 1590 9887
3 1270 2002 8212
3 3515 8629 4811
3 3698 5850 153
3 4723 2669 76
3 4969 9274 2137
3 477 7176 3509
3 860 1502 5863
3 2164 7666 2304
3 2215 5951 4298
3 3396 4451 6922
3 4047 6563 7713
3 5212 6189 6095
3 57 7496 7252
3 346 7826 6046
3 740 4078 3665
3 2929 4750 9337
3 3621 6479 7951
3 4173 6674 1953
3 4267 9524 3146
3 5950 7906 3233
3 6291 5161 4249
3 9280 4155 2358
3 193 7036 5829
3 293 4554 8206
3 395 5146 2527
3 414 4679 4314
3 649 4245 3902
3 1369 4922 4246
3 1549 3246 3449
3 1586 9830 9065
3 2019 2432 2799
3 2232 6210 3161
3 2629 3581 8821
3 2898 4279 3761
3 83 937 9313
3 949 7804 9157
3 1276 8986 5346
3 1416 7024 1286
3 4662 9526 1194
3 5026 6740 9234
3 6104 3838 3261
3 6544 7194 3482
3 7565 8456 8675
3 554 5895 6244
3 568 4030 4747
3 868 2531 1504
3 1084 2824 6270
3 1650 9543 444
3 2533 9105 4767
3 2634 3504 3748
3 2751 7813 2529
3 4311 7653 7197
3 16 5200 3773
3 23 9294 9488
3 1516 8498 6664
3 1793 8229 4856
3 2668 5714 9635
3 3263 9496 5387
3 3431 7743 3911
3 3806 8440 1118
3 4537 4653 9333
3 6630 6258 4501
3 7236 6294 4398
3 982 7018 4841
3 1031 5672 8201
3 1032 9810 7559
3 1250 4328 3174
3 1514 9458 9958
3 1527 5401 3332
3 1532 9692 9551
3 2047 8277 3930
3 2303 7490 3316
3 4176 7963 6822
3 8965 4623 1891
3 675 9680 8642
3 1201 8952 9251
3 1296 6828 8179
3 1452 7150 6852
3 1986 8355 4001
3 2442 5237 6494
3 4578 4892 5373
3 4914 6245 8727
3 6612 9260 2264
3 6920 6569 3125
3 499 8654 6962
3 1027 9085 3824
3 1606 8729 3880
3 1618 5199 9022
3 2143 5059 3099
3 2422 4713 8067
3 2671 7761 3747
3 2712 9002 4144
3 3513 6744 4775
3 4935 5175 6093
3 5834 6430 5641
3 5980 6693 7622
3 6510 8289 4164
3 9711 9149 9858
3 225 8918 8981
3 365 8177 4898
3 459 5043 8897
3 858 5769 6600
3 3407 4605 1806
3 4447 9655 9985
3 30 7828 8235
3 115 5400 3274
3 2328 8593 7957
3 3147 8808 1058
3 3570 7418 7237
3 4095 4407 8567
3 5097 9272 9611
3 6604 6130 8472
3 123 9624 8382
3 185 7600 1951
3 1898 6846 4562
3 2335 6727 5471
3 2402 9181 8756
3 3547 7849 6766
3 6118 9073 5831
3 94 8108 7273
3 576 7721 3355
3 1110 5098 2946
3 1132 8978 3078
3 1669 6851 1865
3 1978 4482 8340
3 2235 7190 2570
3 4156 6126 7665
3 4558 7085 6993
3 6002 7048 9927
3 6323 6590 8806
3 6398 8393 2205
3 1639 9771 6078
3 2046 8753 7247
3 2220 7127 5077
3 2240 8388 896
3 2466 7899 6899
3 4197 7616 6223
3 4325 6669 4546
3 4694 6472 9613
3 4840 6090 2591
3 5442 9745 7868
3 7315 7693 473
3 1288 9338 2582
3 1754 9859 6304
3 1835 8572 8129
3 2333 7634 5812
3 3587 8372 5944
3 3615 8734 7329
3 3883 6524 5505
3 4489 4804 2216
3 5019 4564 1774
3 5041 7805 6711
3 160 7460 9013
3 516 6774 1848
3 899 2911 6739
3 1266 5323 5621
3 1271 9948 6671
3 2105 8640 7815
3 2294 9877 5460
3 3506 9003 8021
3 22 7275 6356
3 101 9603 1137
3 143 8573 6990
3 419 5702 3933
3 1192 6560 5800
3 1212 5140 4308
3 1313 5613 5189
3 1849 3265 5276
3 2234 4172 2549
3 2730 6697 4312
3 3324 3884 3439
3 3664 7491 6803
3 3878 2754 1653
3 1086 8996 4746
3 2136 9134 7121
3 2199 3281 9679
3 2237 9261 8994
3 3038 9744 6064
3 7123 5171 3402
3 417 6581 5268
3 558 8773 6063
3 753 7686 5903
3 906 9029 1699
3 2390 5134 4255
3 2453 7931 3849
3 2781 4217 6636
3 2793 9230 9194
3 3097 3578 6831
3 5397 8084 796
3 381 9844 8411
3 550 8716 7510
3 1127 6414 4599
3 1170 5523 1488
3 1461 6595 6023
3 1480 5598 2417
3 1656 4196 2268
3 2016 9008 5426
3 2289 4136 3782
3 2852 4918 3873
3 4394 6035 9759
3 4818 9901 8633
3 5234 7233 2621
3 159 8316 5246
3 219 8793 8759
3 472 8049 7786
3 828 8166 6520
3 1093 8789 3817
3 1172 8464 2334
3 1624 6261 2406
3 1783 7117 2951
3 2444 4678 3491
3 2775 7400 5253
3 3131 6096 3965
3 3381 8987 7903
3 3888 4630 4613
3 6132 8618 6432
3 133 8539 5736
3 217 6953 3783
3 279 7684 5770
3 845 7788 6373
3 893 6517 1867
3 1404 6227 2068
3 1627 7309 6529
3 1665 3334 9535
3 1814 4910 3300
3 1985 4094 3262
3 2731 6180 4088
3 3442 9575 9502
3 218 7969 5966
3 610 7925 3401
3 1208 9534 5972
3 1221 5917 5586
3 1781 5577 3744
3 1801 5391 7898
3 1836 4193 2711
3 2065 8165 7501
3 2281 5313 4487
3 2554 3584 7371
3 2750 3721 1646
3 2987 5398 7388
3 3312 8665 5104
3 4479 9660 7110
3 4932 7675 9770
3 401 9200 5064
3 651 7980 669
3 990 6586 6417
3 1184 6812 4894
3 1899 5370 5481
3 1904 8694 3929
3 2722 5132 3445
3 3539 8638 4428
3 3862 9941 2947
3 3927 7695 4544
3 89 9882 3085
3 545 9754 5594
3 934 9846 3216
3 1292 7502 5599
3 1638 7289 7065
3 1716 2464 8015
3 2184 7672 3947
3 2326 9209 8842
3 2376 4529 3124
3 3076 4981 8268
3 3411 4538 8934
3 144 5345 3807
3 163 9356 3017
3 249 9156 7902
3 292 7664 4669
3 757 8525 6770
3 771 7043 2087
3 827 6405 1935
3 977 8584 3521
3 1130 6259 3424
3 1299 7907 9670
3 1683 4628 1928
3 2173 2560 7177
3 5511 9089 2057
3 207 8732 1138
3 304 9140 6409
3 894 6973 6497
3 930 7608 1331
3 1120 7096 6307
3 1469 7744 6958
3 1870 6805 9860
3 2022 5122 157
3 2050 2480 8853
3 2463 4163 2835
3 2567 6068 8776
3 2990 3115 241
3 3580 7962 3313
3 4833 8709 7014
3 199 7274 5804
3 288 7553 6331
3 316 8273 4842
3 618 7223 4149
3 691 9785 4882
3 1209 3610 7216
3 2011 7134 7163
3 3941 5429 4646
3 4553 9491 8886
3 287 8502 3353
3 356 9225 8068
3 643 9179 8298
3 728 9152 7878
3 865 8409 7642
3 2179 6301 7546
3 2227 7544 9647
3 2564 7640 7795
3 3178 5514 4948
3 3186 6541 6513
3 3541 6425 4337
3 3893 6897 8534
3 4392 5725 9367
3 5192 9863 9100
3 108 9710 1227
3 616 9406 8870
3 819 8645 4789
3 862 7298 5206
3 1277 7229 5718
3 1574 6213 2805
3 1652 7019 4714
3 1841 6387 5329
3 1958 6904 5578
3 1971 5663 5182
3 2288 5550 9617
3 2418 5254 4468
3 3006 5060 4226
3 3753 4355 9329
3 186 9885 9553
3 425 9870 6796
3 733 9232 8141
3 784 9172 5510
3 867 8310 7087
3 1495 8740 7948
3 1809 6087 5825
3 2163 8941 3425
3 2239 6814 5658
3 2563 5952 4143
3 2841 5848 5741
3 3438 5612 5534
3 3536 6629 3798
3 4508 5424 5771
3 4598 9582 6484
3 4634 7091 3812
3 226 9570 4791
3 347 9590 9158
3 348 7349 2435
3 378 8564 7556
3 769 6620 3208
3 800 5958 5611
3 1376 2344 2318
3 1479 9423 1661
3 1563 5573 4693
3 1615 3712 2689
3 1700 3209 2201
3 2577 9862 7365
3 128 9555 8103
3 189 9876 9314
3 383 8321 7441
3 719 7799 4518
3 789 7333 6748
3 1099 9346 6125
3 1403 8771 8493
3 1685 6253 4906
3 2152 8309 4986
3 3917 4726 9819
3 4290 7434 8086
3 4403 9954 8064
3 349 7459 4939
3 415 8347 7946
3 441 9205 7835
3 633 7758 7580
4 5357 5121 8148 6404
4 421 5913 2589 6255
4 5583 8785 6584 3629
4 9906 3987 7710 5231
4 1737 7529 4386 2094
4 5796 9487 1756 2584
4 6735 8197 8754 998
4 2395 2861 59 6312
4 6655 7923 8873 7569
4 7704 7444 6632 7262
4 5515 9612 8452 7796
4 2489 398 8407 5905
4 820 604 1248 9213
4 1729 9004 6459 8603
4 7549 7064 9529 5886
4 4848 8733 8189 6839
4 8437 9354 1524 4233
4 4449 5744 4100 1287
4 4318 4574 8479 6476
4 9483 6823 5416 9620
4 3904 3626 2545 9383
4 7108 5427 2061 4004
4 3697 973 7792 9131
4 1396 2155 4041 847
4 370 9247 9618 5363
4 3015 3135 4631 4863
4 4644 1492 44 6668
4 2222 2843 8284 2752
4 7168 2687 8854 2117
4 5570 453 1561 9765
4 7100 3505 4036 674
4 461 1423 3273 7936
4 8775 8287 3295 2932
4 1385 8591 6640 2345
4 8004 5616 2096 6639
4 3715 5918 4147 5592
4 9813 6762 2598 2331
4 3420 5090 1556 666
4 2935 1677 9959 4695
4 5251 3825 1114 8119
4 1081 5001 6756 8384
4 8689 9818 6196 948
4 1388 864 9888 7525
4 5989 683 8911 5526
4 4106 6613 3942 8320
4 4194 5052 936 7819
4 4473 3484 7369 7863
4 5083 3149 9128 2968
4 5211 8585 132 2819
4 2459 4670 8777 8814
4 7515 7577 876 8240
4 2246 9256 752 110
4 962 7290 8991 2723
4 7939 7368 7950 3656
4 8837 2196 684 3176
4 3457 2728 8636 4808
4 8392 7208 2212 7101
4 371 9614 8641 714
4 281 63 2064 2499
4 9267 5791 2475 3302
4 6240 5602 7259 2548
4 4090 9894 1101 1491
4 9019 3024 4916 5651
4 1013 839 7945 3678
4 7834 4405 3765 5048
4 6170 4685 7937 5042
4 7198 5945 8152 1707
4 4961 1115 6677 1071
4 1004 2124 3795 4957
4 9965 3272 3647 7135
4 1233 9986 384 854
4 4579 6782 4430 2558
4 2141 9295 7927 7313
4 7104 2070 7201 7540
4 1734 5101 5773 4702
4 2008 4788 1164 2080
4 6495 5214 6381 9568
4 2115 49 6702 7757
4 8058 336 8639 5046
4 1214 7896 7825 4886
4 443 2922 6176 8063
4 4917 1146 1830 976
4 7409 4964 7202 3499
4 1341 5295 5653 9307
4 7961 818 4509 3047
4 3463 4983 5772 82
4 3792 8612 2727 5713
4 6107 7595 3896 1210
4 3607 3293 8338 1988
4 3940 6252 5982 4135
4 4874 636 9305 887
4 3096 8485 3309 2228
4 2274 2964 1353 9433
4 3228 3566 6168 7136
4 4322 6550 4406 7305
4 8608 7543 5310 8322
4 1851 4925 9866 9129
4 4240 1203 1671 1955
4 71 7516 1812 47
4 6935 8745 594 4940
4 7551 5625 7 9690
4 7145 4185 8116 4141
4 9795 7326 5383 1450
4 9527 1322 2456 7579
4 3437 3114 9539 8465
4 4131 5219 9 4235
4 8851 4637 3042 4167
4 9552 1094 5873 7359
4 2259 1742 2481 532
4 3142 766 5494 9525
4 1713 4655 7231 4561
4 5006 2686 727 1895
4 5652 1934 3686 8387
4 7583 8250 4475 62
4 2962 3072 6129 7088
4 4074 9917 8553 7715
4 3844 723 4102 9235
4 4657 6957 4112 2736
4 8803 9263 4374 3357
4 1050 2982 9532 954
4 4847 3196 7032 1946
4 7083 7447 2759 8767
4 2293 8332 2726 859
4 7196 7648 4320 6611
4 8736 9196 3337 7725
4 3519 1591 2652 9063
4 213 6882 8375 5163
4 7308 9946 5904 8010
4 2045 4619 2340 4402
4 6547 5777 8193 8644
4 1418 3689 2342 9106
4 1724 1568 4076 3170
4 2060 4912 6178 9966
4 850 992 4638 8626
4 5172 3672 5686 8397
4 9119 3155 4490 7451
4 2544 2749 2828 586
4 1433 9747 5931 4139
4 4995 6558 3757 8478
4 1621 9576 7494 3781
4 2642 5729 7851 2085
4 3648 9344 6534 3775
4 120 201 3542 5156
4 6038 6913 774 7643
4 8601 6571 7464 8138
4 3257 6567 4550 328
4 7148 403 7814 3593
4 2628 4244 2862 6927
4 3889 9542 8997 2323
4 7545 3475 676 3112
4 1763 3376 8233 9275
4 8186 2795 58 6134
4 2870 9559 7445 8267
4 4150 2308 2036 5081
4 9302 18 9151 2814
4 4058 6467 9713 6147
4 6537 7862 3840 5366
4 2300 4959 7316 8865
4 7079 2213 8115 8242
4 8187 9528 9900 9320
4 1383 4044 3708 2123
4 4390 3451 8616 1049
4 3869 7673 8506 6171
4 4480 7166 1839 8094
4 8259 8849 8101 3526
4 1711 9243 5845 5609
4 7703 2160 2243 8079
4 446 5096 9873 4837
4 778 1160 7944 11
4 3842 2305 9605 5324
4 1936 2313 4284 7267
4 2267 1552 8430 3126
4 3583 6050 9921 8167
4 5540 654 9514 2944
4 245 6123 1509 1136
4 333 8286 3950 1231
4 2023 6359 6777 7008
4 3913 2985 3618 4551
4 5359 7953 9289 9374
4 5136 8509 2282 8367
4 7726 2920 4498 373
4 687 6300 7522 5209
4 5854 65 7385 9942
4 8036 7466 3745 1767
4 4902 3106 6060 9784
4 6580 2535 5665 2203
4 706 2817 3253 1359
4 6842 3899 5919 9732
4 1845 8348 2674 6582
4 3632 9856 177 6989
4 6481 9722 9340 7756
4 1427 4690 4965 7026
4 7922 2994 1096 3083
4 2718 9283 3229 7050
4 5600 8026 8346 8047
4 6985 463 8563 6638
4 8701 5622 4516 8253
4 7700 8721 2941 6329
4 593 9691 9649 8834
4 3002 7212 1996 251
4 4151 780 1357 9252
4 7920 2572 6313 1085
4 9111 2619 6477 4352
4 8697 7209 1817 9778
4 745 9366 2009 6316
4 2364 9443 5962 103
4 522 4951 9751 3356
4 1336 1861 3485 8839
4 1372 2802 9779 4137
4 2571 717 2112 709
4 4582 8477 6602 9123
4 6363 4351 7629 6426
4 565 67 9124 3368
4 2647 9365 7671 5909
4 2351 8751 8811 645
4 5891 257 7119 332
4 2905 3089 3443 1340
4 6994 9154 4477 5492
4 8199 9325 2536 6
4 4259 9629 8947 5793
4 171 6415 8614 60
4 214 4134 3379 9546
4 1976 3496 7911 2162
4 7981 2095 8200 9968
4 1202 4557 1787 1717
4 1510 4293 877 5244
4 4884 5593 8003 750
4 7330 7489 5330 5149
4 9585 1701 9806 3308
4 1344 4357 6914 8163
4 3062 9363 2957 7613
4 3214 5544 6666 9974
4 5239 8923 1001 7057
4 188 1820 8658 1800
4 4867 8529 7391 321
4 8501 4222 1740 8779
4 8835 5518 4727 9511
4 9930 1351 296 5332
4 1975 2776 9550 7934
4 5236 6297 5991 2509
4 5733 6342 6956 6188
4 1505 8040 1364 9166
4 4711 1249 9545 2245
4 1564 4977 7153 7210
4 8651 8168 1965 4331
4 924 1883 8915 3750
4 2575 7439 4717 8579
4 3730 7677 9419 1522
4 4696 8431 9962 7647
4 7415 5970 4161 1747
4 3120 8990 7344 6738
4 4572 8056 7972 902
4 5529 5758 5683 7699
4 791 3473 5808 1743
4 9426 9271 6273 1200
4 3579 2043 5728 5488
4 4415 9341 5028 5131
4 8449 1714 3655 9572
4 5835 3087 6419 301
4 96 6616 7824 2265
4 767 1061 6627 1636
4 2573 7250 1673 8418
4 5074 9397 8607 3830
4 6042 55 2809 8866
4 9569 5155 8470 8487
4 264 3845 385 6742
4 631 8702 6192 7524
4 1523 3306 197 6144
4 2952 3223 2089 3978
4 5720 4870 8625 1889
4 8548 5553 3167 9626
4 773 9797 1508 6410
4 797 407 2055 8132
4 1178 3834 7436 8659
4 9566 6336 9853 4079
4 6226 4960 9048 9952
4 6309 6377 9250 8183
4 3137 1476 5864 8707
4 4367 4524 7748 3791
4 1810 1948 5375 2612
4 3905 4600 3557 3001
4 7155 4861 6058 3271
4 7567 4649 278 5610
4 730 3673 6747 8940
4 1228 6769 6384 9718
4 1998 8671 875 3870
4 2486 9689 4043 9843
4 4200 2353 9871 9265
4 283 9746 6198 1483
4 5308 3857 9507 1912
4 6028 9078 7443 3367
4 3 7253 8172 1853
4 1429 8677 2000 6662
4 3944 5476 7302 6578
4 85 4706 6483 8297
4 2912 1140 5207 1040
4 5170 7880 8204 4607
4 6010 7412 7095 4527
4 432 4532 7118 3736
4 3997 8683 8670 8453
4 263 6981 6146 9755
4 836 4469 995 7319
4 884 4179 9695 5203
4 915 6012 3028 3518
4 1587 1720 7696 8929
4 3278 3885 6110 1224
4 2927 7103 5197 1253
4 8442 7617 3561 1821
4 513 2585 634 6498
4 3022 464 9908 4307
4 3728 8964 7978 1681
4 5803 5174 3508 4038
4 5849 1037 7296 3362
4 6320 1378 9464 1708
4 6757 6444 2877 8692
4 7618 7861 8722 8895
4 4474 8750 4871 520
4 4565 4617 4786 4883
4 6370 3877 3248 8932
4 7603 9359 1073 3055
4 3037 7759 2939 1152
4 1117 1484 1923 2937
4 1526 7536 8524 7041
4 1542 8328 3375 4439
4 1684 137 4292 4975
4 5785 7870 8637 5278
4 559 5902 3853 8527
4 1116 2627 9880 7463
4 1154 5462 1571 6231
4 9599 8874 9769 4946
4 2488 6367 4521 6296
4 3892 2798 1361 3511
4 4361 8956 2592 8466
4 5823 6577 6656 1430
4 7678 1833 916 6605
4 7823 9197 9425 1712
4 1261 3544 4668 7178
4 3107 9849 172 846
4 5341 7255 6389 5998
4 5547 9907 5839 5705
4 17 56 5941 6856
4 174 2185 2600 6965
4 970 9961 9014 8516
4 2566 3769 1726 7363
4 6220 5441 208 3050
4 5378 9984 2106 6266
4 6938 5250 1570 1487
4 529 7238 4663 5446
4 760 7130 9092 8714
4 2368 9350 9450 525
4 5503 1234 145 297
4 5548 688 1601 3969
4 7215 5563 5151 2165
4 10 4604 1122 738
4 6715 7740 6540 556
4 451 4731 9168 5579
4 844 2716 9895 3746
4 1765 8363 5017 1827
4 3516 9741 3134 926
4 8931 6526 4093 7624
4 923 6205 6133 6396
4 5271 6752 3258 5118
4 5649 6364 9597 2295
4 6583 7218 9182 2407
4 912 7149 1197 3104
4 2766 3540 1589 7558
4 5325 139 7839 2007
4 7778 9161 8059 9214
4 164 1648 8161 5007
4 1963 2649 8673 6052
4 8239 4491 8081 9121
4 117 5899 6451 7518
4 2221 4230 5574 4990
4 8833 8044 8198 2309
4 2484 8824 3674 5013
4 5948 7152 5056 3691
4 211 7499 8293 7346
4 2804 9390 1010 8305
4 4627 9246 9594 6623
4 5627 2127 7278 8650
4 480 7983 6102 4126
4 628 7692 6645 2836
4 2879 7204 2848 5875
4 6149 2555 87 3029
4 642 8617 8653 5513
4 6680 9490 6721 9135
4 1015 6036 3973 2590
4 1825 9588 4859 1847
4 3276 7318 7151 1876
4 3932 6157 8609 1943
4 8247 1866 28 6215
4 9719 7752 5879 656
4 2125 3480 8606 3239
4 2811 6731 3692 9776
4 3608 2872 178 206
4 3828 5487 9580 6193
4 289 4650 9414 9276
4 597 900 9471 6152
4 1735 4671 9382 6256
4 4555 2226 5981 1620
4 7954 3677 1464 1056
4 2516 6703 5824 4170
4 9286 4522 4496 9852
4 931 6350 3092 6531
4 1159 7375 2697 5061
4 1856 1393 6443 2732
4 2538 8578 3132 6741
4 8652 6685 6206 1632
4 590 8134 8258 53
4 1311 9499 7888 1642
4 5815 8468 2999 3527
4 1819 8537 4933 8434
4 3808 3891 2428 2190
4 4573 5559 7105 4054
4 834 4792 9637 2705
4 1129 1260 1874 1205
4 5058 9238 1877 151
4 6111 7764 7734 142
4 124 3895 290 4055
4 307 1994 9241 7475
4 6984 9407 5094 2490
4 1718 9799 3573 6053
4 7875 6228 8342 7777
4 8684 4725 9748 7406
4 236 4611 4661 9165
4 589 1888 8967 4636
4 1562 7542 9530 1884
4 4997 9326 4857 9714
4 2091 4865 4442 4875
4 3980 5371 8907 4814
4 6306 7361 6155 9602
4 7413 9675 6676 253
4 7512 7610 3297 7993
4 1704 7884 5710 6932
4 5418 4692 3558 1837
4 9730 8035 2461 6651
4 4091 9864 7286 4703
4 4592 4989 8032 2241
4 4774 7219 2254 1282
4 6628 9761 5517 4066
4 540 6849 4363 2765
4 1445 6557 5794 1440
4 2020 3924 8123 3839
4 5644 2854 7733 4381
4 7659 3912 8423 2565
4 9376 5044 362 7090
4 648 7662 4926 4716
4 735 6827 4771 5671
4 5235 7074 9896 7526
4 2887 9016 4506 7003
4 3654 3945 898 5035
4 3802 7841 1595 5020
4 4187 6365 534 3498
4 6326 4904 8176 9976
4 9523 1023 4412 6380
4 2400 7594 6733 5530
4 3531 3553 6794 5916
4 4656 6366 404 1723
4 1598 4064 2806 4495
4 3567 6289 5474 7374
4 4089 9922 8241 7382
4 4410 9650 7683 5205
4 6976 358 4559 8333
4 1339 7037 9879 6490
4 1406 5898 9368 9988
4 1467 7356 1533 7768
4 2006 8597 2081 6673
4 2457 5355 1422 6528
4 3422 9453 960 6988
4 4773 6076 6436 6800
4 5389 1332 1471 9456
4 2320 3906 6361 147
4 7432 4879 622 8889
4 9220 9848 210 7914
4 2375 2783 4720 3760
4 5336 2907 8432 5178
4 8861 146 8153 5633
4 33 1584 4478 7785
4 489 8019 4639 8376
4 689 7943 9361 1609
4 6857 8648 9561 8894
4 909 5551 3718 6514
4 3323 2389 2401 4375
4 5457 9468 7821 4011
4 5489 8715 4766 9072
4 6778 7818 8898 7592
4 8938 7534 3582 8043
4 2381 6784 9726 9192
4 2462 3244 1930 1529
4 3145 7230 3983 3882
4 3704 7310 5086 7249
4 7419 9684 8150 3617
4 7426 2874 5869 3914
4 9043 737 3153 8679
4 1021 4452 6016 5467
4 2398 9703 396 7013
4 5856 7175 2260 39
4 7530 8845 8425 6202
4 3595 4026 7990 4953
4 6340 8954 7917 5901
4 8823 9631 3352 5461
4 150 9971 4823 3749
4 1512 3299 5865 2129
4 1922 9122 3339 7480
4 3559 6585 7770 9143
4 4057 6208 5724 6870
4 5776 9222 5832 5085
4 8299 1090 3966 804
4 198 8325 4202 4907
4 635 5255 7116 5615
4 835 2191 3188 1886
4 1952 8746 5556 9183
4 3371 7454 5380 711
4 5920 7596 3129 3985
4 4467 512 9667 1507
4 5522 6834 8712 2134
4 6466 9802 5531 7186
4 9429 4704 9549 9734
4 32 8238 8682 7966
4 359 7010 6649 6700
4 947 7956 2707 1256
4 3075 8519 9868 3991
4 9062 3136 6184 3811
4 9221 7221 4640 2343
4 1822 7689 2024 5908
4 3564 9606 6421 1761
4 4124 4016 9091 9459
4 6724 2277 8276 4208
4 9828 5756 8196 7970
4 45 3428 6446 7809
4 149 7731 6574 1347
4 678 5896 2924 5566
4 3011 1100 8263 6243
4 4887 1382 0 9173
4 7220 2148 4514 5939
4 170 5451 3641 4659
4 300 3322 6811 8632
4 2167 7964 6264 6637
4 6705 6160 4465 6248
4 6873 7876 9573 2467
4 313 6203 849 6553
4 3694 8264 8562 2672
4 5047 3121 6015 8752
4 5584 9096 8908 9299
4 471 5164 3020 2198
4 611 5166 1199 5954
4 2278 3724 4992 6942
4 1047 1908 9891 8027
4 2495 8517 7425 6596
4 4335 9752 6681 9987
4 4708 6522 6017 3681
4 4949 9210 9978 9836
4 5277 7975 2875 6112
4 6659 7424 7984 5721
4 6903 1174 2983 8133
4 1044 1157 9583 1179
4 5657 8711 3203 1569
4 6726 9328 5449 5240
4 7386 5947 5836 8801
4 9996 9633 7727 3127
4 1181 4215 6648 562
4 2367 3412 9068 2337
4 3818 5362 5040 6719
4 4340 1411 825 6022
4 5860 9038 2062 4511
4 433 1106 1668 8222
4 541 3226 4456 2506
4 708 7521 5763 4790
4 1593 5536 4419 3031
4 7384 3894 8143 3517
4 5173 514 4286 1616
4 7509 9721 8863 8210
4 1381 6246 8160 8810
4 1840 7500 6713 8031
4 2702 6478 8696 9995
4 3563 8413 4958 608
4 5813 6351 1535 6492
4 204 8202 2025 8006
4 355 8864 4206 9486
4 2296 4052 6275 6051
4 2601 2120 5157 131
4 5496 8828 6864 3105
4 7555 1400 7877 7633
4 8667 8336 2954 3235
4 889 5730 9920 4943
